<?xml version="1.0" encoding="UTF-8"?>
<testsuite name="tests.LoginTests" tests="1" skipped="0" failures="0" errors="0" timestamp="2023-07-13T17:59:53" hostname="QA" time="1.453">
  <properties/>
  <testcase name="loginPositive" classname="tests.LoginTests" time="1.453"/>
  <system-out><![CDATA[]]></system-out>
  <system-err><![CDATA[]]></system-err>
</testsuite>
